
> website@1.0.0 dev
> next

   ▲ Next.js 15.5.9
   - Local:        http://localhost:3000
   - Network:      http://192.168.0.2:3000

 ✓ Starting...
 ✓ Ready in 1467ms
 ○ Compiling / ...
 ✓ Compiled / in 6.1s (442 modules)
Warning: Input: Support for defaultProps will be removed from function components in a future major release. Use JavaScript default parameters instead.
    at Input (/app/components/input.jsx:4:18)
    at div
    at Shell (/app/Shell.jsx:25:18)
    at div
    at HomePage (/app/pages/index.jsx:9:41)
    at MyApp (/app/pages/_app.js:2:32)
    at StyleRegistry (/app/node_modules/styled-jsx/dist/index/index.js:449:36)
    at PathnameContextProviderAdapter (webpack://next/dist/src/shared/lib/router/adapters.tsx:70:3)
    at AppContainer (webpack://next/dist/src/server/render.tsx:758:27)
    at AppContainerWithIsomorphicFiberStructure (webpack://next/dist/src/server/render.tsx:810:11)
    at div
    at Body (webpack://next/dist/src/server/render.tsx:1279:19)
 GET / 200 in 6806ms
 ✓ Compiled /post/[...slug] in 361ms (446 modules)
`legacyBehavior` is deprecated and will be removed in a future release. A codemod is available to upgrade your components:

npx @next/codemod@latest new-link .

Learn more: https://nextjs.org/docs/app/building-your-application/upgrading/codemods#remove-a-tags-from-link-components
Warning: A title element received an array with more than 1 element as children. In browsers title Elements can only have Text Nodes as children. If the children being rendered output more than a single text node in aggregate the browser will display markup and comments as text in the title and hydration will likely fail and fall back to client rendering
    at title
    at head
    at Head (/src/pages/_document.tsx:424:8)
    at html
    at Html (/src/pages/_document.tsx:1145:7)
    at MyDocument (/app/pages/_document.js:8:1)
 GET /post/posts/crypto-trader-1 200 in 1427ms
 ✓ Compiled in 192ms (440 modules)
 ✓ Compiled in 128ms (438 modules)
